INFO:numexpr.utils:Note: NumExpr detected 12 cores but "NUMEXPR_MAX_THREADS" not set, so enforcing safe limit of 8.
INFO:numexpr.utils:NumExpr defaulting to 8 threads.
ERROR:root:Query failed: INSERT INTO Appliance (name) VALUES ("dishwaser") with error: UNIQUE constraint failed: Appliance.name
ERROR:root:Query failed: INSERT INTO Appliance (name) VALUES ("kitchen_outlets") with error: UNIQUE constraint failed: Appliance.name
ERROR:root:Query failed: INSERT INTO Appliance (name) VALUES ("lighting") with error: UNIQUE constraint failed: Appliance.name
ERROR:root:Query failed: INSERT INTO Appliance (name) VALUES ("microwave") with error: UNIQUE constraint failed: Appliance.name
ERROR:root:Query failed: INSERT INTO Appliance (name) VALUES ("refrigerator") with error: UNIQUE constraint failed: Appliance.name
ERROR:root:Query failed: INSERT INTO Appliance (name) VALUES ("stove") with error: UNIQUE constraint failed: Appliance.name
ERROR:root:Query failed: INSERT INTO Appliance (name) VALUES ("washer_dryer") with error: UNIQUE constraint failed: Appliance.name
ERROR:root:Query failed: INSERT INTO Appliance (name) VALUES ("bathroom_gfi") with error: UNIQUE constraint failed: Appliance.name
ERROR:root:Query failed: INSERT INTO Appliance (name) VALUES ("dishwaser") with error: UNIQUE constraint failed: Appliance.name
ERROR:root:Query failed: INSERT INTO Appliance (name) VALUES ("disposal") with error: UNIQUE constraint failed: Appliance.name
ERROR:root:Query failed: INSERT INTO Appliance (name) VALUES ("kitchen_outlets") with error: UNIQUE constraint failed: Appliance.name
ERROR:root:Query failed: INSERT INTO Appliance (name) VALUES ("lighting") with error: UNIQUE constraint failed: Appliance.name
ERROR:root:Query failed: INSERT INTO Appliance (name) VALUES ("microwave") with error: UNIQUE constraint failed: Appliance.name
ERROR:root:Query failed: INSERT INTO Appliance (name) VALUES ("refrigerator") with error: UNIQUE constraint failed: Appliance.name
ERROR:root:Query failed: INSERT INTO Appliance (name) VALUES ("washer_dryer") with error: UNIQUE constraint failed: Appliance.name
ERROR:root:Query failed: INSERT INTO Appliance (name) VALUES ("bathroom_gfi") with error: UNIQUE constraint failed: Appliance.name
ERROR:root:Query failed: INSERT INTO Appliance (name) VALUES ("dishwaser") with error: UNIQUE constraint failed: Appliance.name
ERROR:root:Query failed: INSERT INTO Appliance (name) VALUES ("electric_heat") with error: UNIQUE constraint failed: Appliance.name
ERROR:root:Query failed: INSERT INTO Appliance (name) VALUES ("electronics") with error: UNIQUE constraint failed: Appliance.name
ERROR:root:Query failed: INSERT INTO Appliance (name) VALUES ("kitchen_outlets") with error: UNIQUE constraint failed: Appliance.name
ERROR:root:Query failed: INSERT INTO Appliance (name) VALUES ("lighting") with error: UNIQUE constraint failed: Appliance.name
ERROR:root:Query failed: INSERT INTO Appliance (name) VALUES ("outlets_unknown") with error: UNIQUE constraint failed: Appliance.name
ERROR:root:Query failed: INSERT INTO Appliance (name) VALUES ("refrigerator") with error: UNIQUE constraint failed: Appliance.name
ERROR:root:Query failed: INSERT INTO Appliance (name) VALUES ("stove") with error: UNIQUE constraint failed: Appliance.name
ERROR:root:Query failed: INSERT INTO Appliance (name) VALUES ("washer_dryer") with error: UNIQUE constraint failed: Appliance.name
ERROR:root:Query failed: INSERT INTO Appliance (name) VALUES ("air_conditioning") with error: UNIQUE constraint failed: Appliance.name
ERROR:root:Query failed: INSERT INTO Appliance (name) VALUES ("bathroom_gfi") with error: UNIQUE constraint failed: Appliance.name
ERROR:root:Query failed: INSERT INTO Appliance (name) VALUES ("dishwaser") with error: UNIQUE constraint failed: Appliance.name
ERROR:root:Query failed: INSERT INTO Appliance (name) VALUES ("furance") with error: UNIQUE constraint failed: Appliance.name
ERROR:root:Query failed: INSERT INTO Appliance (name) VALUES ("kitchen_outlets") with error: UNIQUE constraint failed: Appliance.name
ERROR:root:Query failed: INSERT INTO Appliance (name) VALUES ("lighting") with error: UNIQUE constraint failed: Appliance.name
ERROR:root:Query failed: INSERT INTO Appliance (name) VALUES ("outlets_unknown") with error: UNIQUE constraint failed: Appliance.name
ERROR:root:Query failed: INSERT INTO Appliance (name) VALUES ("smoke_alarms") with error: UNIQUE constraint failed: Appliance.name
ERROR:root:Query failed: INSERT INTO Appliance (name) VALUES ("stove") with error: UNIQUE constraint failed: Appliance.name
ERROR:root:Query failed: INSERT INTO Appliance (name) VALUES ("washer_dryer") with error: UNIQUE constraint failed: Appliance.name
ERROR:root:Query failed: INSERT INTO Appliance (name) VALUES ("bathroom_gfi") with error: UNIQUE constraint failed: Appliance.name
ERROR:root:Query failed: INSERT INTO Appliance (name) VALUES ("dishwaser") with error: UNIQUE constraint failed: Appliance.name
ERROR:root:Query failed: INSERT INTO Appliance (name) VALUES ("disposal") with error: UNIQUE constraint failed: Appliance.name
ERROR:root:Query failed: INSERT INTO Appliance (name) VALUES ("electric_heat") with error: UNIQUE constraint failed: Appliance.name
ERROR:root:Query failed: INSERT INTO Appliance (name) VALUES ("electronics") with error: UNIQUE constraint failed: Appliance.name
ERROR:root:Query failed: INSERT INTO Appliance (name) VALUES ("furance") with error: UNIQUE constraint failed: Appliance.name
ERROR:root:Query failed: INSERT INTO Appliance (name) VALUES ("kitchen_outlets") with error: UNIQUE constraint failed: Appliance.name
ERROR:root:Query failed: INSERT INTO Appliance (name) VALUES ("lighting") with error: UNIQUE constraint failed: Appliance.name
ERROR:root:Query failed: INSERT INTO Appliance (name) VALUES ("microwave") with error: UNIQUE constraint failed: Appliance.name
ERROR:root:Query failed: INSERT INTO Appliance (name) VALUES ("outlets_unknown") with error: UNIQUE constraint failed: Appliance.name
ERROR:root:Query failed: INSERT INTO Appliance (name) VALUES ("refrigerator") with error: UNIQUE constraint failed: Appliance.name
ERROR:root:Query failed: INSERT INTO Appliance (name) VALUES ("washer_dryer") with error: UNIQUE constraint failed: Appliance.name
